2019-10-26 15:44:14,017 ERROR: Exception on /explore [GET] [in /Users/usr_python/GDcocamatias/Desarrollo de SW/Cursos/Flask/microblog/venv/lib/python3.7/site-packages/flask/app.py:1891]
Traceback (most recent call last):
  File "/Users/usr_python/GDcocamatias/Desarrollo de SW/Cursos/Flask/microblog/venv/lib/python3.7/site-packages/flask/app.py", line 2446, in wsgi_app
    response = self.full_dispatch_request()
  File "/Users/usr_python/GDcocamatias/Desarrollo de SW/Cursos/Flask/microblog/venv/lib/python3.7/site-packages/flask/app.py", line 1951, in full_dispatch_request
    rv = self.handle_user_exception(e)
  File "/Users/usr_python/GDcocamatias/Desarrollo de SW/Cursos/Flask/microblog/venv/lib/python3.7/site-packages/flask/app.py", line 1820, in handle_user_exception
    reraise(exc_type, exc_value, tb)
  File "/Users/usr_python/GDcocamatias/Desarrollo de SW/Cursos/Flask/microblog/venv/lib/python3.7/site-packages/flask/_compat.py", line 39, in reraise
    raise value
  File "/Users/usr_python/GDcocamatias/Desarrollo de SW/Cursos/Flask/microblog/venv/lib/python3.7/site-packages/flask/app.py", line 1949, in full_dispatch_request
    rv = self.dispatch_request()
  File "/Users/usr_python/GDcocamatias/Desarrollo de SW/Cursos/Flask/microblog/venv/lib/python3.7/site-packages/flask/app.py", line 1935, in dispatch_request
    return self.view_functions[rule.endpoint](**req.view_args)
  File "/Users/usr_python/GDcocamatias/Desarrollo de SW/Cursos/Flask/microblog/venv/lib/python3.7/site-packages/flask_login/utils.py", line 261, in decorated_view
    return func(*args, **kwargs)
  File "/Users/usr_python/GDcocamatias/Desarrollo de SW/Cursos/Flask/microblog/app/routes.py", line 157, in explore
    next_url=next_url, prev_url=prev_url)
  File "/Users/usr_python/GDcocamatias/Desarrollo de SW/Cursos/Flask/microblog/venv/lib/python3.7/site-packages/flask/templating.py", line 138, in render_template
    ctx.app.jinja_env.get_or_select_template(template_name_or_list),
  File "/Users/usr_python/GDcocamatias/Desarrollo de SW/Cursos/Flask/microblog/venv/lib/python3.7/site-packages/jinja2/environment.py", line 869, in get_or_select_template
    return self.get_template(template_name_or_list, parent, globals)
  File "/Users/usr_python/GDcocamatias/Desarrollo de SW/Cursos/Flask/microblog/venv/lib/python3.7/site-packages/jinja2/environment.py", line 830, in get_template
    return self._load_template(name, self.make_globals(globals))
  File "/Users/usr_python/GDcocamatias/Desarrollo de SW/Cursos/Flask/microblog/venv/lib/python3.7/site-packages/jinja2/environment.py", line 804, in _load_template
    template = self.loader.load(self, name, globals)
  File "/Users/usr_python/GDcocamatias/Desarrollo de SW/Cursos/Flask/microblog/venv/lib/python3.7/site-packages/jinja2/loaders.py", line 125, in load
    code = environment.compile(source, name, filename)
  File "/Users/usr_python/GDcocamatias/Desarrollo de SW/Cursos/Flask/microblog/venv/lib/python3.7/site-packages/jinja2/environment.py", line 591, in compile
    self.handle_exception(exc_info, source_hint=source_hint)
  File "/Users/usr_python/GDcocamatias/Desarrollo de SW/Cursos/Flask/microblog/venv/lib/python3.7/site-packages/jinja2/environment.py", line 780, in handle_exception
    reraise(exc_type, exc_value, tb)
  File "/Users/usr_python/GDcocamatias/Desarrollo de SW/Cursos/Flask/microblog/venv/lib/python3.7/site-packages/jinja2/_compat.py", line 37, in reraise
    raise value.with_traceback(tb)
  File "/Users/usr_python/GDcocamatias/Desarrollo de SW/Cursos/Flask/microblog/app/templates/index.html", line 21, in template
    <a href="{{ next_url or '#''}}">
  File "/Users/usr_python/GDcocamatias/Desarrollo de SW/Cursos/Flask/microblog/venv/lib/python3.7/site-packages/jinja2/environment.py", line 497, in _parse
    return Parser(self, source, name, encode_filename(filename)).parse()
  File "/Users/usr_python/GDcocamatias/Desarrollo de SW/Cursos/Flask/microblog/venv/lib/python3.7/site-packages/jinja2/parser.py", line 901, in parse
    result = nodes.Template(self.subparse(), lineno=1)
  File "/Users/usr_python/GDcocamatias/Desarrollo de SW/Cursos/Flask/microblog/venv/lib/python3.7/site-packages/jinja2/parser.py", line 883, in subparse
    rv = self.parse_statement()
  File "/Users/usr_python/GDcocamatias/Desarrollo de SW/Cursos/Flask/microblog/venv/lib/python3.7/site-packages/jinja2/parser.py", line 130, in parse_statement
    return getattr(self, 'parse_' + self.stream.current.value)()
  File "/Users/usr_python/GDcocamatias/Desarrollo de SW/Cursos/Flask/microblog/venv/lib/python3.7/site-packages/jinja2/parser.py", line 268, in parse_block
    node.body = self.parse_statements(('name:endblock',), drop_needle=True)
  File "/Users/usr_python/GDcocamatias/Desarrollo de SW/Cursos/Flask/microblog/venv/lib/python3.7/site-packages/jinja2/parser.py", line 165, in parse_statements
    result = self.subparse(end_tokens)
  File "/Users/usr_python/GDcocamatias/Desarrollo de SW/Cursos/Flask/microblog/venv/lib/python3.7/site-packages/jinja2/parser.py", line 875, in subparse
    add_data(self.parse_tuple(with_condexpr=True))
  File "/Users/usr_python/GDcocamatias/Desarrollo de SW/Cursos/Flask/microblog/venv/lib/python3.7/site-packages/jinja2/parser.py", line 620, in parse_tuple
    args.append(parse())
  File "/Users/usr_python/GDcocamatias/Desarrollo de SW/Cursos/Flask/microblog/venv/lib/python3.7/site-packages/jinja2/parser.py", line 432, in parse_expression
    return self.parse_condexpr()
  File "/Users/usr_python/GDcocamatias/Desarrollo de SW/Cursos/Flask/microblog/venv/lib/python3.7/site-packages/jinja2/parser.py", line 437, in parse_condexpr
    expr1 = self.parse_or()
  File "/Users/usr_python/GDcocamatias/Desarrollo de SW/Cursos/Flask/microblog/venv/lib/python3.7/site-packages/jinja2/parser.py", line 452, in parse_or
    right = self.parse_and()
  File "/Users/usr_python/GDcocamatias/Desarrollo de SW/Cursos/Flask/microblog/venv/lib/python3.7/site-packages/jinja2/parser.py", line 459, in parse_and
    left = self.parse_not()
  File "/Users/usr_python/GDcocamatias/Desarrollo de SW/Cursos/Flask/microblog/venv/lib/python3.7/site-packages/jinja2/parser.py", line 470, in parse_not
    return self.parse_compare()
  File "/Users/usr_python/GDcocamatias/Desarrollo de SW/Cursos/Flask/microblog/venv/lib/python3.7/site-packages/jinja2/parser.py", line 474, in parse_compare
    expr = self.parse_math1()
  File "/Users/usr_python/GDcocamatias/Desarrollo de SW/Cursos/Flask/microblog/venv/lib/python3.7/site-packages/jinja2/parser.py", line 496, in parse_math1
    left = self.parse_concat()
  File "/Users/usr_python/GDcocamatias/Desarrollo de SW/Cursos/Flask/microblog/venv/lib/python3.7/site-packages/jinja2/parser.py", line 507, in parse_concat
    args = [self.parse_math2()]
  File "/Users/usr_python/GDcocamatias/Desarrollo de SW/Cursos/Flask/microblog/venv/lib/python3.7/site-packages/jinja2/parser.py", line 517, in parse_math2
    left = self.parse_pow()
  File "/Users/usr_python/GDcocamatias/Desarrollo de SW/Cursos/Flask/microblog/venv/lib/python3.7/site-packages/jinja2/parser.py", line 528, in parse_pow
    left = self.parse_unary()
  File "/Users/usr_python/GDcocamatias/Desarrollo de SW/Cursos/Flask/microblog/venv/lib/python3.7/site-packages/jinja2/parser.py", line 546, in parse_unary
    node = self.parse_primary()
  File "/Users/usr_python/GDcocamatias/Desarrollo de SW/Cursos/Flask/microblog/venv/lib/python3.7/site-packages/jinja2/parser.py", line 564, in parse_primary
    next(self.stream)
  File "/Users/usr_python/GDcocamatias/Desarrollo de SW/Cursos/Flask/microblog/venv/lib/python3.7/site-packages/jinja2/lexer.py", line 359, in __next__
    self.current = next(self._iter)
  File "/Users/usr_python/GDcocamatias/Desarrollo de SW/Cursos/Flask/microblog/venv/lib/python3.7/site-packages/jinja2/lexer.py", line 562, in wrap
    for lineno, token, value in stream:
  File "/Users/usr_python/GDcocamatias/Desarrollo de SW/Cursos/Flask/microblog/venv/lib/python3.7/site-packages/jinja2/lexer.py", line 739, in tokeniter
    name, filename)
jinja2.exceptions.TemplateSyntaxError: unexpected char "'" at 695
2019-10-26 15:45:08,386 INFO: Microblog startup [in /Users/usr_python/GDcocamatias/Desarrollo de SW/Cursos/Flask/microblog/app/__init__.py:49]
2019-10-26 15:46:15,443 INFO: Microblog startup [in /Users/usr_python/GDcocamatias/Desarrollo de SW/Cursos/Flask/microblog/app/__init__.py:49]
2019-10-26 15:46:45,443 INFO: Microblog startup [in /Users/usr_python/GDcocamatias/Desarrollo de SW/Cursos/Flask/microblog/app/__init__.py:49]
2019-10-26 15:50:56,040 INFO: Microblog startup [in /Users/usr_python/GDcocamatias/Desarrollo de SW/Cursos/Flask/microblog/app/__init__.py:49]
